
[20:02:58]51-->71转换
[20:02:58]生成NAME.INC文件
[20:03:00]打开PSASP数据库连接成功
[20:03:00]GEN_LIB: VParNum[0],10
[20:03:00]AVR1_LIB: VParNum[1],9
[20:03:00]AVR2_LIB: VParNum[2],0
[20:03:00]GOV_LIB: VParNum[3],3
[20:03:00]MOTO_LIB: VParNum[4],0
[20:03:00]SVC1_LIB: VParNum[5],0
[20:03:00]SVC2_LIB: VParNum[6],0
[20:03:00]PSS_LIB: VParNum[7],1
[20:03:00]LOAD_LIB: VParNum[8],99
[20:03:00]DC_LIB: VParNum[9],5
[20:03:00]AVR310_LIB: VParNum[10],0
[20:03:00]AVR1112_LIB: VParNum[11],0
[20:03:00]CLD_LIB: VParNum[12],0
[20:03:00]DLD_LIB: VParNum[13],2
[20:03:00]PSS2_LIB: VParNum[14],0
[20:03:00]PSS3_LIB: VParNum[15],0
[20:03:00]GOV2_LIB: VParNum[16],0
[20:03:00]GOV3_LIB: VParNum[17],0
[20:03:00]GOV4_LIB: VParNum[18],0
[20:03:00]GOV5_LIB: VParNum[19],0
[20:03:00]SVC3_LIB: VParNum[20],0
[20:03:00]AVR13_LIB: VParNum[21],0
[20:03:00]SLM_LIB: VParNum[22],0
[20:03:00]PSS4_LIB: VParNum[23],0
[20:03:00]AVR14_LIB: VParNum[24],0
[20:03:00]PSS5_LIB: VParNum[25],0
[20:03:00]TCSC_LIB: VParNum[26],0
[20:03:00]WGMOT_LIB: VParNum[27],0
[20:03:00]WGGE_LIB: VParNum[28],0
[20:03:00]DFAG_LIB: VParNum[29],0
[20:03:00]FCWTG_LIB: VParNum[30],0
[20:03:00]CSR_LIB: VParNum[31],0
[20:03:00]STATCOM1_LIB: VParNum[32],0
[20:03:00]GOV6_LIB: VParNum[33],3
[20:03:00]DS1_LIB: VParNum[34],0
[20:03:00]AVR15_LIB: VParNum[35],0
[20:03:00]GOV7_LIB: VParNum[36],0
[20:03:00]DS2_LIB: VParNum[37],0
[20:03:00]SVC4_LIB: VParNum[38],0
[20:03:00]PV_LIB: VParNum[39],0
[20:03:00]DS3_LIB: VParNum[40],0
[20:03:00]GOV8_LIB: VParNum[41],0
[20:03:00]GOV9_LIB: VParNum[42],0
[20:03:00]DC5_LIB: VParNum[43],0
[20:03:00]PSS7_LIB: VParNum[44],0
[20:03:00]VSC1_LIB: VParNum[45],0
[20:03:00]GOV10_LIB: VParNum[46],0
[20:03:00]AVR16_LIB: VParNum[47],0
[20:03:00]LE1_LIB: VParNum[48],0
[20:03:00]VSC2_LIB: VParNum[49],0
[20:03:00]MDCLN1_LIB: VParNum[50],0
[20:03:00]OE1_LIB: VParNum[51],0
[20:03:00]LE2_LIB: VParNum[52],0
[20:03:00]DS4_LIB: VParNum[53],0
[20:03:00]PSS8_LIB: VParNum[54],0
[20:03:00]PMAC_LIB: VParNum[55],0
[20:03:00]DFIG2_LIB: VParNum[56],0
[20:03:00]PMSG2_LIB: VParNum[57],0
[20:03:00]PV2_LIB: VParNum[58],0
[20:03:00]BESS_LIB: VParNum[59],0
[20:03:00]基础数据库转换
[20:03:01]用户选择了覆盖指定数据组，删除指定数据组的所有元件记录
[20:03:01]从文件D:/工作 同步/研究/研究-预想故障集扫描/IEEE 39/projectbak/LF.AREA中读取分区数据
[20:03:01]从文件D:/工作 同步/研究/研究-预想故障集扫描/IEEE 39/projectbak/LF.ZONE中读取分区数据
[20:03:01]从文件D:/工作 同步/研究/研究-预想故障集扫描/IEEE 39/projectbak/LF.PSTATION中读取厂站记录
[20:03:01]从文件D:/工作 同步/研究/研究-预想故障集扫描/IEEE 39/projectbak/LF.L2读取线路数据
[20:03:01]从文件D:/工作 同步/研究/研究-预想故障集扫描/IEEE 39/projectbak/ST.S2读取线路参数
[20:03:01]从文件D:/工作 同步/研究/研究-预想故障集扫描/IEEE 39/projectbak/LF.L3读取变压器数据
[20:03:01]从文件D:/工作 同步/研究/研究-预想故障集扫描/IEEE 39/projectbak/ST.S3读取变压器数据
[20:03:01]从文件D:/工作 同步/研究/研究-预想故障集扫描/IEEE 39/projectbak/LF.L5读取发电机数据
[20:03:01]从文件D:/工作 同步/研究/研究-预想故障集扫描/IEEE 39/projectbak/ST.S5读取发电机数据
[20:03:01]从文件D:/工作 同步/研究/研究-预想故障集扫描/IEEE 39/projectbak/LF.L6读取负荷数据
[20:03:01]从文件D:/工作 同步/研究/研究-预想故障集扫描/IEEE 39/projectbak/ST.S6读取负荷数据
[20:03:01]ML4回存直流母线数据失败
[20:03:01]从文件D:/工作 同步/研究/研究-预想故障集扫描/IEEE 39/projectbak/ST.LS4读取mdc数据
[20:03:01]从文件D:/工作 同步/研究/研究-预想故障集扫描/IEEE 39/projectbak/ST.MS4读取vsc数据
[20:03:01]从文件D:/工作 同步/研究/研究-预想故障集扫描/IEEE 39/projectbak/ST.MLCC读取lcc数据
[20:03:01]从文件D:/工作 同步/研究/研究-预想故障集扫描/IEEE 39/projectbak/ST.S7读取SVC数据
[20:03:01]从文件D:/工作 同步/研究/研究-预想故障集扫描/IEEE 39/projectbak/LF.P1D中读取潮流母线结果数据