
 BPA to PSASP Version : 20191226_PSASP7.41   
 ================================
 
 **********************************************
 
 BPA普通直流的暂态模型和PSASP的不同,如要进行稳定计算请填写PSASP中的调节器和故障数据!
 
 DATALIB.dat文件写完
 
 节点名相同电压不同母线的处理方法（加电压等级后缀）：
 
 ====================================================
 ==============常见提示说明=========================
 ====================================================
 (1)转换程序将一些可能导致转换后潮流计算不收敛的
    信息打印到BPA文件所在目录的“LFINFO.LIS”文件中
    如果转换后潮流不收敛可以查看该文件作为参考。
 (2)节点XXX(**kV)填写了修改码(M,R..)。
    BPA中某个节点填写修改码后该节点的发电负荷不受
    其所在区域的发电负荷比例因子(PZ卡)影响，为保持
    转换前后潮流一致,请在转换后手动修改该节点功率！
 (3)PSASP中，潮流发电机负荷比例因子为0时，计算程序
    当作1处理。转换程序的处理规则：将比例因子未填的
    处理为1；填写0或0.的数值转成0.0001。请用户自行
    检查数据中是否存在这类情形。如确实应为0的，建议   将数值去掉后再进行转换。
 (4)BPA中节点名相同电压等级不同的节点认为是不同节点
    PSASP节点名是唯一标识，转换的时候采用原节点名加   后缀的方法。
 (5)直流线的交流节点B卡在BPA中可以填写恒有功/无功负荷
    、发电机出力，但PSASP计算程序不支持这种连接。建议
    自行检查数据，并将直流线整流侧/逆变侧交流节点的
    发电和负荷改为通过小支路接到交流节点上。
 (6)没有找到整流/逆变侧变压器，注意(双极)直流线极性
    在T、R卡的填写顺序，一般支持的填写顺序为P-P-N-N。
    直流线卡片请按B-BD-T-R-LD卡的顺序填写。
 (7)如有部分B卡19-20位分区名未填，建议在BPA数据中
    补足分区名以后再进行数据转换工作。如需转换单点
    注释的无效数据，请在20-21位补足分区名。
 (8)单引号、双引号、百分号、反斜杠及英文逗号是
    特殊字符，不应出现于母线名中。转换程序将自动
    修改为@、#、_、-、0.用户也可以在转换前自行修改
    bpa数据母线名，避免这些情形的出现。
 
 *.pfo文件打开成功，将读取BPA潮流结果作为PSASP潮流计算初值！
 SB=  100.0000  100.0000

 BPA to PSASP Version : 20191226_PSASP7.41   
 ================================
 第     135行数据没有转换：RE bus-9031525. 0.75 95. 0.5  60. 0.7  35. 0.15 10.                                            
 第     136行数据没有转换：RE+bus-9031525. 1.1  60. 1.15 5.  1.3  1.                                                      
 第     139行数据没有转换：RE bus-9032525. 0.75 95. 0.5  60. 0.7  35. 0.15 10.                                            
 第     140行数据没有转换：RE+bus-9032525. 1.1  60. 1.15 5.  1.3  1.                                                      
 第     143行数据没有转换：RE bus-9033525. 0.75 95. 0.5  60. 0.7  35. 0.15 10.                                            
 第     144行数据没有转换：RE+bus-9033525. 1.1  60. 1.15 5.  1.3  1.                                                      
 第     147行数据没有转换：RE bus-9034525. 0.75 95. 0.5  60. 0.7  35. 0.15 10.                                            
 第     148行数据没有转换：RE+bus-9034525. 1.1  60. 1.15 5.  1.3  1.                                                      
 第     151行数据没有转换：RE bus-9035525. 0.75 95. 0.5  60. 0.7  35. 0.15 10.                                            
 第     152行数据没有转换：RE+bus-9035525. 1.1  60. 1.15 5.  1.3  1.                                                      
 第     155行数据没有转换：RE bus-9036525. 0.75 95. 0.5  60. 0.7  35. 0.15 10.                                            
 第     156行数据没有转换：RE+bus-9036525. 1.1  60. 1.15 5.  1.3  1.                                                      
 第     159行数据没有转换：RE bus-9037525. 0.75 95. 0.5  60. 0.7  35. 0.15 10.                                            
 第     160行数据没有转换：RE+bus-9037525. 1.1  60. 1.15 5.  1.3  1.                                                      
 第     163行数据没有转换：RE bus-9038525. 0.75 95. 0.5  60. 0.7  35. 0.15 10.                                            
 第     164行数据没有转换：RE+bus-9038525. 1.1  60. 1.15 5.  1.3  1.                                                      
 第     167行数据没有转换：RE bus-9041525. 0.75 95. 0.5  60. 0.7  35. 0.15 10.                                            
 第     168行数据没有转换：RE+bus-9041525. 1.1  60. 1.15 5.  1.3  1.                                                      
 第     171行数据没有转换：RE bus-9042525. 0.75 95. 0.5  60. 0.7  35. 0.15 10.                                            
 第     172行数据没有转换：RE+bus-9042525. 1.1  60. 1.15 5.  1.3  1.                                                      
 第     175行数据没有转换：RE bus-9043525. 0.75 95. 0.5  60. 0.7  35. 0.15 10.                                            
 第     176行数据没有转换：RE+bus-9043525. 1.1  60. 1.15 5.  1.3  1.                                                      
 第     179行数据没有转换：RE bus-9071525. 0.75 95. 0.5  60. 0.7  35. 0.15 10.                                            
 第     180行数据没有转换：RE+bus-9071525. 1.1  60. 1.15 5.  1.3  1.                                                      
 第     183行数据没有转换：RE bus-9072525. 0.75 95. 0.5  60. 0.7  35. 0.15 10.                                            
 第     184行数据没有转换：RE+bus-9072525. 1.1  60. 1.15 5.  1.3  1.                                                      
     WARNING:第   349行Gen2E-30的F*卡数据的KC为    1.390000大于1.0，转换时除以10.！
     WARNING:第   357行Gen2E-33的F*卡数据的KC为    1.390000大于1.0，转换时除以10.！
     WARNING:第   376行Gen3D-5 的F*卡数据的KC为    1.390000大于1.0，转换时除以10.！
     WARNING:第   384行Gen3D-13的F*卡数据的KC为    1.390000大于1.0，转换时除以10.！
     WARNING:第   412行Gen3D-20的F*卡数据的KC为    1.390000大于1.0，转换时除以10.！
     WARNING:第   420行Gen3D-26的F*卡数据的KC为    1.390000大于1.0，转换时除以10.！
     WARNING:第   458行Gen3D-25的F*卡数据的KC为    1.390000大于1.0，转换时除以10.！
     WARNING:第   466行Gen3D-29的F*卡数据的KC为    1.390000大于1.0，转换时除以10.！
     WARNING:第   504行Gen3L-6 的F*卡数据的KC为    1.390000大于1.0，转换时除以10.！
     WARNING:第   512行Gen3L-7 的F*卡数据的KC为    1.390000大于1.0，转换时除以10.！
 第    1103行数据没有转换：F1                           .7                                                                
     WARNING:线路（   309bus3L-24            bus3L-36            ）在BPA潮流数据中填写的是对称卡（L），而在BPA暂稳数据的LO卡中，A、B两侧零序对地电纳值不等!
 LAB CARd:           1          FH           0           1
 DATALIB.dat文件写完
 =============================================
 警告：下列母线：
         送端发电            
         受端发电            
         bus-9051            
         bus-9052            
         bus-236             
         bus-198             
         bus-9005            
         bus-9012            
         bus-9002            
         bus-9021            
         bus-4               
         bus-39              
         bus-81              
         bus-125             
         bus-184             
         bus-186             
         bus-188             
         bus-162             
         bus-9022            
         bus-9024            
         bus-9025            
         bus-9026            
         FH                  
 在稳定数据中出现,但在潮流中没有相应数据,请检查BPA数据
 =============================================
 ====================================================
 ==============常见提示说明==========================
 ====================================================
 (1) FZ(F+)必须出现在对应的F卡后当对应F卡无法转换时也有这个提示
     BPA励磁参数卡F卡(如FA、FB、FM...)的延续卡FZ(F+)
     对应不同的F卡各列有不同的含义，所以要求FZ(F+)卡
     对应的F卡一定要在FZ(F+)卡前出现,目前有一些比较
     老的F卡PSASP中没有对应模型不转换也会出现这个提示
 (2) 第X行数据没有转换：(该行原始数据)
     第X行数据信息没有转换到PSASP,常见的情况有1:BPA中
     的注释行(第一列为”.“),2:某些数据卡在PSASP
     中没有对应模型而无法转换
 (3) 稳定数据中有LN卡，发电机 ... 被转换成负荷，
     已经根据潮流PZ卡修改对应功率
     BPA潮流中发电机可以在稳定数据中用LN卡按负荷处理
     ，所以转换到PSASP后如果潮流中改发电机母线所在区
     域有发电负荷比例因子，潮流结果将和BPA不一致，转
     换程序将该负荷的功率乘于对应区域的发电比例因子除
     于负荷比例因子，以保证转换后的潮流结果一致
 (4) 连接到母线...的多台发电机已经合并为一台发电机,
     其模型和参数按第一台发电机设置
     BPA中允许同一条母线上挂多台发电机而PSASP中同一母
     线只能挂一台发电机,转换程序将取第一台发电的参数
     并修改发电机的额定容量额定功率为多台发电机的总和
     ,如果认为参数不合适请手工修改此发电机参数
 (5) 关于直流线参数
     由于BPA和PSASP中普通直流的直流线调节器模型差别
     比较大，所以转换程序没有转换直流线调节器参数，
     而是按默认值填写第1-5组直流线调节器参数，DA/DZ卡
     模型转为5型直流调节器参数
 (6) 节点名相同电压不同母线的处理方法（加后缀）
     BPA中相同的节点名不同基准电压的节点是作为不同节
     点处理的，PSASP中节点名是唯一标识，所以转换程序
     对于相同母线名不同电压等级的节点采用原节点名加
     后缀的方法来处理
 (7) 转换程序目前
     未处理直流线双极功率不一致的情况，如bpa数据存在
     直流线双极功率不一致的情况，请在转换以后修改
     “元件数据/直流线”中极1或极2的给定功率
 (8) RE/RE+卡未转换的，建议找到对应PSASP模型参数后，
     统一更新模型和参数。
 (9) 转换程序目前对光伏模型的处理方式是，对PV卡的节点
     转成光伏模型的发电机，动态参数采用PSASP默认参数
 (10)BPA的GJ/GJ+卡模型与PSASP的4型调速器模型有差异，
     转换时GJ+卡无对应字段，故不转换，只转GJ卡字段。
 (11)BPA的EA卡和EC卡模型与PSASP的1型AVR模型有差异，
     转换时只是将参数填过来。
 (12)转换程序将一些可能导致转换后潮流计算不收敛的信息
     打印到文件“LFINFO.LIS”\“STINFO.LIS”,
     此信息只作为参考，并不一定是错误的，
     一般是一些BPA原始数据中不合理的地方
 ====================================================

----------PSASP在BPA中找不到对应的母线----------------------------------------
LCC1送P1-363
LCC1送N1-363
LCC4送P1-363
LCC4送N1-363
LCC5送P1-363
LCC5送N1-363
LCC6送P1-363
LCC6送N1-363
LCC7送P1-363
LCC7送N1-363
----------BPA在PSASP中找不到对应的母线----------------------------------------
----------PSASP在BPA中找不到对应的发电机(母线名，Pg，Qg)----------------------
LCC2受端,0,0
LCC4送端,0,0
----------BPA在PSASP中找不到对应的发电机(母线名，基准电压，Pg，Qg)------------

[10:02:49]51-->71转换
[10:02:49]生成NAME.INC文件
[10:02:51]打开PSASP数据库连接成功
[10:02:52]GEN_LIB: VParNum[0],9
[10:02:52]AVR1_LIB: VParNum[1],0
[10:02:52]AVR2_LIB: VParNum[2],0
[10:02:52]GOV_LIB: VParNum[3],0
[10:02:52]MOTO_LIB: VParNum[4],0
[10:02:52]SVC1_LIB: VParNum[5],0
[10:02:52]SVC2_LIB: VParNum[6],0
[10:02:52]PSS_LIB: VParNum[7],0
[10:02:52]LOAD_LIB: VParNum[8],99
[10:02:52]DC_LIB: VParNum[9],5
[10:02:52]AVR310_LIB: VParNum[10],2
[10:02:52]AVR1112_LIB: VParNum[11],4
[10:02:52]CLD_LIB: VParNum[12],0
[10:02:52]DLD_LIB: VParNum[13],1
[10:02:52]PSS2_LIB: VParNum[14],0
[10:02:52]PSS3_LIB: VParNum[15],0
[10:02:52]GOV2_LIB: VParNum[16],0
[10:02:52]GOV3_LIB: VParNum[17],0
[10:02:52]GOV4_LIB: VParNum[18],2
[10:02:52]GOV5_LIB: VParNum[19],0
[10:02:52]SVC3_LIB: VParNum[20],0
[10:02:52]AVR13_LIB: VParNum[21],0
[10:02:52]SLM_LIB: VParNum[22],0
[10:02:52]PSS4_LIB: VParNum[23],5
[10:02:52]AVR14_LIB: VParNum[24],0
[10:02:52]PSS5_LIB: VParNum[25],0
[10:02:52]TCSC_LIB: VParNum[26],0
[10:02:52]WGMOT_LIB: VParNum[27],0
[10:02:52]WGGE_LIB: VParNum[28],1
[10:02:52]DFAG_LIB: VParNum[29],0
[10:02:52]FCWTG_LIB: VParNum[30],0
[10:02:52]CSR_LIB: VParNum[31],0
[10:02:52]STATCOM1_LIB: VParNum[32],0
[10:02:52]GOV6_LIB: VParNum[33],0
[10:02:52]DS1_LIB: VParNum[34],0
[10:02:52]AVR15_LIB: VParNum[35],0
[10:02:52]GOV7_LIB: VParNum[36],1
[10:02:52]DS2_LIB: VParNum[37],0
[10:02:52]SVC4_LIB: VParNum[38],0
[10:02:52]PV_LIB: VParNum[39],0
[10:02:52]DS3_LIB: VParNum[40],0
[10:02:52]GOV8_LIB: VParNum[41],0
[10:02:52]GOV9_LIB: VParNum[42],0
[10:02:52]DC5_LIB: VParNum[43],2
[10:02:52]PSS7_LIB: VParNum[44],0
[10:02:52]VSC1_LIB: VParNum[45],0
[10:02:52]GOV10_LIB: VParNum[46],0
[10:02:52]AVR16_LIB: VParNum[47],0
[10:02:52]LE1_LIB: VParNum[48],0
[10:02:52]VSC2_LIB: VParNum[49],0
[10:02:52]MDCLN1_LIB: VParNum[50],0
[10:02:52]OE1_LIB: VParNum[51],2
[10:02:52]LE2_LIB: VParNum[52],0
[10:02:52]DS4_LIB: VParNum[53],0
[10:02:52]PSS8_LIB: VParNum[54],0
[10:02:52]PMAC_LIB: VParNum[55],0
[10:02:52]DFIG2_LIB: VParNum[56],0
[10:02:52]PMSG2_LIB: VParNum[57],0
[10:02:52]PV2_LIB: VParNum[58],0
[10:02:52]BESS_LIB: VParNum[59],0
[10:02:52]UPFC_PS_LIB: VParNum[60],0
[10:02:52]UPFC_SS_LIB: VParNum[61],0
[10:02:52]LCC6_LIB: VParNum[62],0
[10:02:52]SVC5_LIB: VParNum[63],0
[10:02:52]LFOD_VSC_LIB: VParNum[64],0
[10:02:52]HDM_LIB: VParNum[65],0
[10:02:52]基础数据库转换
[10:02:53]用户选择了覆盖指定数据组，删除指定数据组的所有元件记录
[10:02:53]从文件E:/111/bpa300-500kV-DA模型-20190628/Temp/bpa300-500kV-DA模型-20190628.L7中读取分区数据
[10:02:53]从文件E:/111/bpa300-500kV-DA模型-20190628/Temp/bpa300-500kV-DA模型-20190628.L1中读取母线记录
[10:02:53]文件E:/111/bpa300-500kV-DA模型-20190628/Temp/bpa300-500kV-DA模型-20190628.ML4不存在或者打开失败
[10:02:53]----插入节点数:275
[10:02:53]----插入母线数:275
[10:02:53]从文件E:/111/bpa300-500kV-DA模型-20190628/Temp/bpa300-500kV-DA模型-20190628.L2读取线路数据
[10:02:53]从文件E:/111/bpa300-500kV-DA模型-20190628/Temp/bpa300-500kV-DA模型-20190628.S2读取线路参数
[10:02:53]从文件E:/111/bpa300-500kV-DA模型-20190628/Temp/bpa300-500kV-DA模型-20190628.L3读取变压器数据
[10:02:53]从文件E:/111/bpa300-500kV-DA模型-20190628/Temp/bpa300-500kV-DA模型-20190628.S3读取变压器数据
[10:02:53]从文件E:/111/bpa300-500kV-DA模型-20190628/Temp/bpa300-500kV-DA模型-20190628.NL4读取直流线数据
[10:02:53]从文件E:/111/bpa300-500kV-DA模型-20190628/Temp/bpa300-500kV-DA模型-20190628.NS4读取直流线数据
[10:02:53]从文件E:/111/bpa300-500kV-DA模型-20190628/Temp/bpa300-500kV-DA模型-20190628.L5读取发电机数据
[10:02:53]从文件E:/111/bpa300-500kV-DA模型-20190628/Temp/bpa300-500kV-DA模型-20190628.S5读取发电机数据
[10:02:53]从文件E:/111/bpa300-500kV-DA模型-20190628/Temp/bpa300-500kV-DA模型-20190628.L6读取负荷数据
[10:02:53]从文件E:/111/bpa300-500kV-DA模型-20190628/Temp/bpa300-500kV-DA模型-20190628.S6读取负荷数据
[10:02:53]文件E:/111/bpa300-500kV-DA模型-20190628/Temp/bpa300-500kV-DA模型-20190628.ML4不存在或者打开失败
[10:02:53]文件E:/111/bpa300-500kV-DA模型-20190628/Temp/bpa300-500kV-DA模型-20190628.ML4不存在或者打开失败
[10:02:53]从文件E:/111/bpa300-500kV-DA模型-20190628/Temp/bpa300-500kV-DA模型-20190628.S7读取SVC数据
[10:02:54]预设平衡点文件 E:/111/bpa300-500kV-DA模型-20190628/Temp/bpa300-500kV-DA模型-20190628.L20 不存在
[10:02:54]从文件E:/111/bpa300-500kV-DA模型-20190628/Temp/bpa300-500kV-DA模型-20190628.P1D中读取潮流母线结果数据
[10:02:54]从文件E:/111/bpa300-500kV-DA模型-20190628/Temp/bpa300-500kV-DA模型-20190628.P5D中读取潮流发电机结果数据
[10:02:54]----发电机Gen2E-17，母线名:Gen2E-17, 节点类型:-2修改为1, Qg修改为0
[10:02:54]----发电机Gen2E-18，母线名:Gen2E-18, 节点类型:-2修改为1, Qg修改为0
[10:02:54]----发电机Gen2E-30，母线名:Gen2E-30, 节点类型:-2修改为1, Qg修改为0
[10:02:54]----发电机Gen2E-33，母线名:Gen2E-33, 节点类型:-2修改为1, Qg修改为0
[10:02:54]----发电机Gen1B-1，母线名:Gen1B-1, 节点类型:1, Qg修改为3
[10:02:54]----发电机Gen1B-4，母线名:Gen1B-4, 节点类型:-2修改为1, Qg修改为0
[10:02:54]----发电机Gen1B-5，母线名:Gen1B-5, 节点类型:-2修改为1, Qg修改为3
[10:02:54]----发电机Gen3D-30，母线名:Gen3D-30, 节点类型:-2修改为1, Qg修改为1.5
[10:02:54]----发电机Gen3D-23，母线名:Gen3D-23, 节点类型:-2修改为1, Qg修改为3
[10:02:54]----发电机Gen3D-25，母线名:Gen3D-25, 节点类型:-2修改为1, Qg修改为1
[10:02:54]----发电机Gen1A-5，母线名:Gen1A-5, 节点类型:-2修改为1, Qg修改为1.5
[10:02:54]----发电机Gen3D-5，母线名:Gen3D-5, 节点类型:-2修改为1, Qg修改为1
[10:02:54]----发电机Gen1B-3，母线名:Gen1B-3, 节点类型:-2修改为1, Qg修改为0
[10:02:54]----发电机Gen3L-30，母线名:Gen3L-30, 节点类型:-2修改为1, Qg修改为1.5
[10:02:54]----发电机Gen3L-6，母线名:Gen3L-6, 节点类型:-2修改为1, Qg修改为1
[10:02:54]----发电机Gen3L-2，母线名:Gen3L-2, 节点类型:-2修改为1, Qg修改为1.5
[10:02:54]----发电机Gen3L-18，母线名:Gen3L-18, 节点类型:-2修改为1, Qg修改为1.5
[10:02:54]----发电机Gen3L-3，母线名:Gen3L-3, 节点类型:-2修改为1, Qg修改为3
[10:02:54]----发电机Gen3L-20，母线名:Gen3L-20, 节点类型:-2修改为1, Qg修改为1.5
[10:02:54]----发电机Gen3L-10，母线名:Gen3L-10, 节点类型:-2修改为1, Qg修改为1.5
[10:02:54]----发电机Gen3L-7，母线名:Gen3L-7, 节点类型:-2修改为1, Qg修改为1
[10:02:54]----发电机Gen3L-8，母线名:Gen3L-8, 节点类型:-2修改为1, Qg修改为0
[10:02:54]----发电机Gen3L-27，母线名:Gen3L-27, 节点类型:-2修改为1, Qg修改为2
[10:02:54]----发电机Gen2E-5，母线名:Gen2E-5, 节点类型:-2修改为1, Qg修改为0
[10:02:54]----发电机Gen2W-24，母线名:Gen2W-24, 节点类型:-2修改为1, Qg修改为1.5
[10:02:54]----发电机Gen2E-2，母线名:Gen2E-2, 节点类型:-2修改为1, Qg修改为0
[10:02:54]----发电机Gen3D-20，母线名:Gen3D-20, 节点类型:-2修改为1, Qg修改为0
[10:02:54]----发电机Gen3D-17，母线名:Gen3D-17, 节点类型:-2修改为1, Qg修改为1.5
[10:02:54]----发电机Gen1B-2，母线名:Gen1B-2, 节点类型:-2修改为1, Qg修改为3
[10:02:54]----发电机bus-9031，母线名:bus-9031, 节点类型:1, Qg修改为0
[10:02:54]----发电机bus-9032，母线名:bus-9032, 节点类型:1, Qg修改为0
[10:02:54]----发电机bus-9033，母线名:bus-9033, 节点类型:1, Qg修改为0
[10:02:54]----发电机bus-9034，母线名:bus-9034, 节点类型:1, Qg修改为0
[10:02:54]----发电机bus-9035，母线名:bus-9035, 节点类型:1, Qg修改为0
[10:02:54]----发电机bus-9036，母线名:bus-9036, 节点类型:1, Qg修改为0
[10:02:54]----发电机bus-9037，母线名:bus-9037, 节点类型:1, Qg修改为0
[10:02:54]----发电机bus-9038，母线名:bus-9038, 节点类型:1, Qg修改为0
[10:02:54]----发电机bus-9041，母线名:bus-9041, 节点类型:1, Qg修改为0
[10:02:54]----发电机bus-9042，母线名:bus-9042, 节点类型:1, Qg修改为0
[10:02:54]----发电机bus-9043，母线名:bus-9043, 节点类型:1, Qg修改为0
[10:02:54]----发电机bus-9071，母线名:bus-9071, 节点类型:1, Qg修改为0
[10:02:54]----发电机bus-9072，母线名:bus-9072, 节点类型:1, Qg修改为0