开始潮流数据检查...
调用拓扑程序，进行拓扑结构检查...
检查拓扑前后元件状态的变化...
检查交流线
检查电容电抗器
检查变压器
检查发电机
检查负荷
检查直流线
检查VSC换流器
检查直流线路
检查LCC换流器
检查潮流计算数据库...
潮流计算数据库检查完成，没有发现错误。
系统发电、负荷出力(p.u.)汇总
 分区号        分区名      PG           QG           PL           QL           dP           dQ     
      1          1A_1            0            0        2e-06            0       -2e-06            0
      2          FH_2          269         93.2      265.843      115.778        3.157     -22.5777
             全网汇总          269         93.2      265.843      115.778        3.157     -22.5777
数据检查完成，没有发现错误。
