 Newton Method (Power Equation) Iterative Process
   ------------------------------------------------
       T         BUS.         MAX(DVR,DVI)
     --- -------------------- ------------
       0              Gen1B-3     0.540089
       1              Gen1B-3     0.171378
       2              Gen1B-3     0.119455
       3              Gen1B-3     0.020134
       4             LCC3ËÍ¶Ë     0.006782
       5              Gen1B-3     0.000041
       6             bus3D-20     0.000000
       6              Gen1B-3     0.036246
       7             LCC3ËÍ¶Ë     0.000563
       8              Gen1B-6     0.000000
   ------------------------------------------------
             Slack Bus           P          Q
  -------------------- -----------  ---------
               Gen1A-4      5.9470     0.3163
               Gen2E-7      5.6262    -3.2633*
 PSASP Load Flow Version:20200819
