 ****** 计算过程中的错误和警告信息 ******
PSASP Transient Stability Calculation Version:20200415
 基本元件信息  当前     系统最大
       母线数 =      240   100000
       线路数 =      358   120000
     变压器数 =        0   120000
   常规直流数 =        7      120
     发电机数 =       67    10000
       负荷数 =      142    50000
系统基准容量(MVA)  =   100.0
 信息: 换流站 LCC1受端_INV 极1临界关断角   7.000000
 信息: 换流站 LCC1受端_INV 极2临界关断角   7.000000
 信息: 换流站 LCC2受端_INV 极1临界关断角   7.000000
 信息: 换流站 LCC2受端_INV 极2临界关断角   7.000000
 信息: 换流站 LCC3受端_INV 极1临界关断角   7.000000
 信息: 换流站 LCC3受端_INV 极2临界关断角   7.000000
 信息: 换流站 LCC4受端_INV 极1临界关断角   7.000000
 信息: 换流站 LCC4受端_INV 极2临界关断角   7.000000
 信息: 换流站 LCC5受端_INV 极1临界关断角   7.000000
 信息: 换流站 LCC5受端_INV 极2临界关断角   7.000000
 信息: 换流站 LCC6受端_INV 极1临界关断角   7.000000
 信息: 换流站 LCC6受端_INV 极2临界关断角   7.000000
 信息: 换流站 LCC7受端_INV 极1临界关断角   7.000000
 信息: 换流站 LCC7受端_INV 极2临界关断角   7.000000
Transient stability calculation completed! 
elapsed:           0.406s                                                       

Calculation finished ,close windows please....
