     WARNING:第   411行L卡!线路电阻、电抗或电纳大于1，请检查数据!
     WARNING:第   412行L卡!线路电阻、电抗或电纳大于1，请检查数据!
     WARNING:第    11行数据的第 1个时间常数不填或为0，转换为缺省值0.01！
     WARNING:第    11行数据的第 2个时间常数不填或为0，转换为缺省值0.01！
     WARNING:第    22行数据的第 1个时间常数不填或为0，转换为缺省值0.01！
     WARNING:第    22行数据的第 2个时间常数不填或为0，转换为缺省值0.01！
     WARNING:第    32行数据的第 1个时间常数不填或为0，转换为缺省值0.01！
     WARNING:第    32行数据的第 2个时间常数不填或为0，转换为缺省值0.01！
     WARNING:第    42行数据的第 1个时间常数不填或为0，转换为缺省值0.01！
     WARNING:第    42行数据的第 2个时间常数不填或为0，转换为缺省值0.01！
     WARNING:第    52行数据的第 1个时间常数不填或为0，转换为缺省值0.01！
     WARNING:第    52行数据的第 2个时间常数不填或为0，转换为缺省值0.01！
     WARNING:第    62行数据的第 1个时间常数不填或为0，转换为缺省值0.01！
     WARNING:第    62行数据的第 2个时间常数不填或为0，转换为缺省值0.01！
     WARNING:第    72行数据的第 1个时间常数不填或为0，转换为缺省值0.01！
     WARNING:第    72行数据的第 2个时间常数不填或为0，转换为缺省值0.01！
     WARNING:第    82行数据的第 1个时间常数不填或为0，转换为缺省值0.01！
     WARNING:第    82行数据的第 2个时间常数不填或为0，转换为缺省值0.01！
     WARNING:第    92行数据的第 1个时间常数不填或为0，转换为缺省值0.01！
     WARNING:第    92行数据的第 2个时间常数不填或为0，转换为缺省值0.01！
     WARNING:第   102行数据的第 1个时间常数不填或为0，转换为缺省值0.01！
     WARNING:第   102行数据的第 2个时间常数不填或为0，转换为缺省值0.01！
     WARNING:第   112行数据的第 1个时间常数不填或为0，转换为缺省值0.01！
     WARNING:第   112行数据的第 2个时间常数不填或为0，转换为缺省值0.01！
     WARNING:第   125行数据的第 1个时间常数不填或为0，转换为缺省值0.01！
     WARNING:第   125行数据的第 2个时间常数不填或为0，转换为缺省值0.01！
     WARNING:第   229行数据的第 1个时间常数不填或为0，转换为缺省值0.01！
     WARNING:第   229行数据的第 2个时间常数不填或为0，转换为缺省值0.01！
     WARNING:第   239行数据的第 1个时间常数不填或为0，转换为缺省值0.01！
     WARNING:第   239行数据的第 2个时间常数不填或为0，转换为缺省值0.01！
     WARNING:第   259行数据的第 1个时间常数不填或为0，转换为缺省值0.01！
     WARNING:第   259行数据的第 2个时间常数不填或为0，转换为缺省值0.01！
     WARNING:第   269行数据的第 1个时间常数不填或为0，转换为缺省值0.01！
     WARNING:第   269行数据的第 2个时间常数不填或为0，转换为缺省值0.01！
     WARNING:第   279行数据的第 1个时间常数不填或为0，转换为缺省值0.01！
     WARNING:第   279行数据的第 2个时间常数不填或为0，转换为缺省值0.01！
     WARNING:第   289行数据的第 1个时间常数不填或为0，转换为缺省值0.01！
     WARNING:第   289行数据的第 2个时间常数不填或为0，转换为缺省值0.01！
     WARNING:第   299行数据的第 1个时间常数不填或为0，转换为缺省值0.01！
     WARNING:第   299行数据的第 2个时间常数不填或为0，转换为缺省值0.01！
     WARNING:第   309行数据的第 1个时间常数不填或为0，转换为缺省值0.01！
     WARNING:第   309行数据的第 2个时间常数不填或为0，转换为缺省值0.01！
     WARNING:第   319行数据的第 1个时间常数不填或为0，转换为缺省值0.01！
     WARNING:第   319行数据的第 2个时间常数不填或为0，转换为缺省值0.01！
     WARNING:第   329行数据的第 1个时间常数不填或为0，转换为缺省值0.01！
     WARNING:第   329行数据的第 2个时间常数不填或为0，转换为缺省值0.01！
     WARNING:第   339行数据的第 1个时间常数不填或为0，转换为缺省值0.01！
     WARNING:第   339行数据的第 2个时间常数不填或为0，转换为缺省值0.01！
     WARNING:第   366行数据的第 1个时间常数不填或为0，转换为缺省值0.01！
     WARNING:第   366行数据的第 2个时间常数不填或为0，转换为缺省值0.01！
     WARNING:第   392行数据的第 1个时间常数不填或为0，转换为缺省值0.01！
     WARNING:第   392行数据的第 2个时间常数不填或为0，转换为缺省值0.01！
     WARNING:第   402行数据的第 1个时间常数不填或为0，转换为缺省值0.01！
     WARNING:第   402行数据的第 2个时间常数不填或为0，转换为缺省值0.01！
     WARNING:第   428行数据的第 1个时间常数不填或为0，转换为缺省值0.01！
     WARNING:第   428行数据的第 2个时间常数不填或为0，转换为缺省值0.01！
     WARNING:第   438行数据的第 1个时间常数不填或为0，转换为缺省值0.01！
     WARNING:第   438行数据的第 2个时间常数不填或为0，转换为缺省值0.01！
     WARNING:第   448行数据的第 1个时间常数不填或为0，转换为缺省值0.01！
     WARNING:第   448行数据的第 2个时间常数不填或为0，转换为缺省值0.01！
     WARNING:第   474行数据的第 1个时间常数不填或为0，转换为缺省值0.01！
     WARNING:第   474行数据的第 2个时间常数不填或为0，转换为缺省值0.01！
     WARNING:第   484行数据的第 1个时间常数不填或为0，转换为缺省值0.01！
     WARNING:第   484行数据的第 2个时间常数不填或为0，转换为缺省值0.01！
     WARNING:第   494行数据的第 1个时间常数不填或为0，转换为缺省值0.01！
     WARNING:第   494行数据的第 2个时间常数不填或为0，转换为缺省值0.01！
     WARNING:第   530行数据的第 1个时间常数不填或为0，转换为缺省值0.01！
     WARNING:第   530行数据的第 2个时间常数不填或为0，转换为缺省值0.01！
     WARNING:第   540行数据的第 1个时间常数不填或为0，转换为缺省值0.01！
     WARNING:第   540行数据的第 2个时间常数不填或为0，转换为缺省值0.01！
     WARNING:第   550行数据的第 1个时间常数不填或为0，转换为缺省值0.01！
     WARNING:第   550行数据的第 2个时间常数不填或为0，转换为缺省值0.01！
     WARNING:第   560行数据的第 1个时间常数不填或为0，转换为缺省值0.01！
     WARNING:第   560行数据的第 2个时间常数不填或为0，转换为缺省值0.01！
     WARNING:第   570行数据的第 1个时间常数不填或为0，转换为缺省值0.01！
     WARNING:第   570行数据的第 2个时间常数不填或为0，转换为缺省值0.01！
     WARNING:第   580行数据的第 1个时间常数不填或为0，转换为缺省值0.01！
     WARNING:第   580行数据的第 2个时间常数不填或为0，转换为缺省值0.01！
     WARNING:第   590行数据的第 1个时间常数不填或为0，转换为缺省值0.01！
     WARNING:第   590行数据的第 2个时间常数不填或为0，转换为缺省值0.01！
     WARNING:第   600行数据的第 1个时间常数不填或为0，转换为缺省值0.01！
     WARNING:第   600行数据的第 2个时间常数不填或为0，转换为缺省值0.01！
     WARNING:第   610行数据的第 1个时间常数不填或为0，转换为缺省值0.01！
     WARNING:第   610行数据的第 2个时间常数不填或为0，转换为缺省值0.01！
     WARNING:第   622行数据的第 1个时间常数不填或为0，转换为缺省值0.01！
     WARNING:第   622行数据的第 2个时间常数不填或为0，转换为缺省值0.01！
 WARNING:支路（LCC1送端            -bus-9001            ）在swi中没有零序数据，转换程序将自动折算。
 WARNING:支路（LCC1受端            -bus1A-13            ）在swi中没有零序数据，转换程序将自动折算。
 WARNING:支路（LCC2送端            -bus1B-11            ）在swi中没有零序数据，转换程序将自动折算。
 WARNING:支路（LCC2受端            -bus3L-48            ）在swi中没有零序数据，转换程序将自动折算。
 WARNING:支路（LCC3送端            -bus1B-7             ）在swi中没有零序数据，转换程序将自动折算。
 WARNING:支路（LCC3受端            -bus3L-54            ）在swi中没有零序数据，转换程序将自动折算。
 WARNING:支路（LCC4送端            -bus-9004            ）在swi中没有零序数据，转换程序将自动折算。
 WARNING:支路（LCC4受端            -bus3L-1             ）在swi中没有零序数据，转换程序将自动折算。
 WARNING:支路（LCC5送端            -bus2W-28            ）在swi中没有零序数据，转换程序将自动折算。
 WARNING:支路（LCC5受端            -bus3L-52            ）在swi中没有零序数据，转换程序将自动折算。
 WARNING:支路（LCC6送端            -bus1B-12            ）在swi中没有零序数据，转换程序将自动折算。
 WARNING:支路（LCC6受端            -bus3L-56            ）在swi中没有零序数据，转换程序将自动折算。
 WARNING:支路（LCC7送端            -bus-9003            ）在swi中没有零序数据，转换程序将自动折算。
 WARNING:支路（LCC7受端            -bus3L-4             ）在swi中没有零序数据，转换程序将自动折算。
 WARNING:支路（bus2E-3             -bus3L-24            ）在swi中没有零序数据，转换程序将自动折算。
 WARNING:支路（bus2E-3             -bus3L-24            ）在swi中没有零序数据，转换程序将自动折算。
 WARNING:支路（bus1A-21            -bus1B-3             ）在swi中没有零序数据，转换程序将自动折算。
 WARNING:支路（bus1A-20            -bus1B-2             ）在swi中没有零序数据，转换程序将自动折算。
 WARNING:支路（bus1A-7             -Gen1A-2             ）在swi中没有零序数据，转换程序将自动折算。
 WARNING:支路（bus1A-6             -bus1A-8             ）在swi中没有零序数据，转换程序将自动折算。
 WARNING:支路（Gen1A-2             -Gen1A-1             ）在swi中没有零序数据，转换程序将自动折算。
 WARNING:支路（Gen1A-3             -bus1A-6             ）在swi中没有零序数据，转换程序将自动折算。
 WARNING:支路（bus1B-12            -Gen1B-6             ）在swi中没有零序数据，转换程序将自动折算。
 WARNING:支路（Gen1B-3             -bus1B-8             ）在swi中没有零序数据，转换程序将自动折算。
 WARNING:支路（bus3L-54            -bus3L-46            ）在swi中没有零序数据，转换程序将自动折算。
 WARNING:支路（bus-9001            -bus2E-1             ）在swi中没有零序数据，转换程序将自动折算。
 WARNING:支路（bus-9006            -bus-9001            ）在swi中没有零序数据，转换程序将自动折算。
 WARNING:支路（bus1B-5             -Gen1B-2             ）在swi中没有零序数据，转换程序将自动折算。
 WARNING:支路（bus2E-2             -Gen2E-2             ）在swi中没有零序数据，转换程序将自动折算。
 WARNING:支路（bus3L-31            -bus3L-38            ）在swi中没有零序数据，转换程序将自动折算。
